<?xml version="1.0" encoding="utf-8"?><testsuites name="pytest tests"><testsuite name="pytest" errors="0" failures="0" skipped="0" tests="18" time="77.812" timestamp="2026-05-18T18:47:44.206530+00:00" hostname="agent-env-842fbd1e-4328-41ea-bb5e-7a239eef99e2"><testcase classname="backend.tests.test_iteration3_batching_penalty.TestBasicsAndIndices" name="test_root" time="1.577" /><testcase classname="backend.tests.test_iteration3_batching_penalty.TestBasicsAndIndices" name="test_indices_created_on_startup" time="0.014" /><testcase classname="backend.tests.test_iteration3_batching_penalty.TestBasicsAndIndices" name="test_list_endpoints_perf" time="0.221" /><testcase classname="backend.tests.test_iteration3_batching_penalty.TestSetup" name="test_pdf_present" time="0.000" /><testcase classname="backend.tests.test_iteration3_batching_penalty.TestSetup" name="test_create_test_subject" time="0.080" /><testcase classname="backend.tests.test_iteration3_batching_penalty.TestSetup" name="test_create_topic_with_small_mcq" time="17.789" /><testcase classname="backend.tests.test_iteration3_batching_penalty.TestAddPdfToTopic" name="test_add_pdf_no_generation" time="1.704" /><testcase classname="backend.tests.test_iteration3_batching_penalty.TestAddPdfToTopic" name="test_add_pdf_topic_not_found" time="0.840" /><testcase classname="backend.tests.test_iteration3_batching_penalty.TestAddPdfToTopic" name="test_add_pdf_rejects_non_pdf" time="0.075" /><testcase classname="backend.tests.test_iteration3_batching_penalty.TestGenerateFromTopicPdfs" name="test_generate_validation_no_pdf_ids" time="0.067" /><testcase classname="backend.tests.test_iteration3_batching_penalty.TestGenerateFromTopicPdfs" name="test_generate_validation_bad_num" time="0.066" /><testcase classname="backend.tests.test_iteration3_batching_penalty.TestGenerateFromTopicPdfs" name="test_generate_validation_topic_not_found" time="0.075" /><testcase classname="backend.tests.test_iteration3_batching_penalty.TestGenerateFromTopicPdfs" name="test_generate_batched_12_mcq" time="30.077" /><testcase classname="backend.tests.test_iteration3_batching_penalty.TestPenaltyFactor1" name="test_penalty1_three_correct_one_wrong" time="0.135" /><testcase classname="backend.tests.test_iteration3_batching_penalty.TestPenaltyFactor1" name="test_penalty1_one_correct_two_wrong_clamps_to_zero" time="0.394" /><testcase classname="backend.tests.test_iteration3_batching_penalty.TestRegenerateAfterRefactor" name="test_regenerate_pdf_mcq" time="14.413" /><testcase classname="backend.tests.test_iteration3_batching_penalty.TestRegenerateAfterRefactor" name="test_regenerate_pdf_tf_batching_path" time="9.949" /><testcase classname="backend.tests.test_iteration3_batching_penalty.TestZCleanup" name="test_cleanup" time="0.137" /></testsuite></testsuites>