<?xml version="1.0" encoding="utf-8"?><testsuites name="pytest tests"><testsuite name="pytest" errors="0" failures="12" skipped="0" tests="40" time="82.169" timestamp="2026-05-19T16:13:42.570776+00:00" hostname="agent-env-842fbd1e-4328-41ea-bb5e-7a239eef99e2"><testcase classname="backend.tests.test_studyapp_backend.TestRootAndMigration" name="test_root" time="0.175" /><testcase classname="backend.tests.test_studyapp_backend.TestRootAndMigration" name="test_migration_default_subject" time="0.073" /><testcase classname="backend.tests.test_studyapp_backend.TestSubjectsCRUD" name="test_create_subject" time="0.071" /><testcase classname="backend.tests.test_studyapp_backend.TestSubjectsCRUD" name="test_create_subject_empty_name" time="0.067" /><testcase classname="backend.tests.test_studyapp_backend.TestSubjectsCRUD" name="test_get_subject" time="0.064" /><testcase classname="backend.tests.test_studyapp_backend.TestSubjectsCRUD" name="test_patch_subject" time="0.143" /><testcase classname="backend.tests.test_studyapp_backend.TestSubjectsCRUD" name="test_patch_subject_not_found" time="0.060" /><testcase classname="backend.tests.test_studyapp_backend.TestSubjectsCRUD" name="test_list_topics_for_subject_empty" time="0.062" /><testcase classname="backend.tests.test_studyapp_backend.TestTopicUploadAndPdf" name="test_upload_topic_mcq" time="10.552" /><testcase classname="backend.tests.test_studyapp_backend.TestTopicUploadAndPdf" name="test_upload_topic_tf" time="12.232" /><testcase classname="backend.tests.test_studyapp_backend.TestTopicUploadAndPdf" name="test_list_pdfs_no_text_exposed" time="0.065" /><testcase classname="backend.tests.test_studyapp_backend.TestTopicUploadAndPdf" name="test_regenerate_from_pdf_tf" time="26.998"><failure message="AssertionError: {&quot;detail&quot;:&quot;El servicio de IA no pudo generar preguntas. El proveedor puede estar saturado. Vuelve a intentarlo en unos segundos.&quot;}&#10;assert 502 == 200&#10; +  where 502 = &lt;Response [502]&gt;.status_code">E   AssertionError: {"detail":"El servicio de IA no pudo generar preguntas. El proveedor puede estar saturado. Vuelve a intentarlo en unos segundos."}
    assert 502 == 200
     +  where 502 = &lt;Response [502]&gt;.status_code</failure></testcase><testcase classname="backend.tests.test_studyapp_backend.TestTopicUploadAndPdf" name="test_delete_pdf_keeps_questions" time="0.273" /><testcase classname="backend.tests.test_studyapp_backend.TestQuiz" name="test_quiz_start_filtered_by_subject_and_type" time="0.071" /><testcase classname="backend.tests.test_studyapp_backend.TestQuiz" name="test_quiz_start_tf" time="0.062" /><testcase classname="backend.tests.test_studyapp_backend.TestQuiz" name="test_quiz_start_no_questions" time="0.072" /><testcase classname="backend.tests.test_studyapp_backend.TestQuiz" name="test_quiz_submit_with_penalty" time="0.100" /><testcase classname="backend.tests.test_studyapp_backend.TestQuiz" name="test_quiz_submit_no_penalty_clamp" time="0.071" /><testcase classname="backend.tests.test_studyapp_backend.TestStats" name="test_stats_overview" time="0.070" /><testcase classname="backend.tests.test_studyapp_backend.TestStats" name="test_stats_by_subject" time="0.066" /><testcase classname="backend.tests.test_studyapp_backend.TestZCleanup" name="test_delete_test_subject_cascade" time="0.269" /><testcase classname="backend.tests.test_studyapp_backend.TestZCleanup" name="test_delete_subject_not_found" time="0.078" /><testcase classname="backend.tests.test_iteration3_batching_penalty.TestBasicsAndIndices" name="test_root" time="0.265" /><testcase classname="backend.tests.test_iteration3_batching_penalty.TestBasicsAndIndices" name="test_indices_created_on_startup" time="0.028" /><testcase classname="backend.tests.test_iteration3_batching_penalty.TestBasicsAndIndices" name="test_list_endpoints_perf" time="0.234" /><testcase classname="backend.tests.test_iteration3_batching_penalty.TestSetup" name="test_pdf_present" time="0.000" /><testcase classname="backend.tests.test_iteration3_batching_penalty.TestSetup" name="test_create_test_subject" time="0.066" /><testcase classname="backend.tests.test_iteration3_batching_penalty.TestSetup" name="test_create_topic_with_small_mcq" time="28.217"><failure message="AssertionError: {&quot;detail&quot;:&quot;El servicio de IA no pudo generar preguntas. El proveedor puede estar saturado. Vuelve a intentarlo en unos segundos.&quot;}&#10;assert 502 == 200&#10; +  where 502 = &lt;Response [502]&gt;.status_code">E   AssertionError: {"detail":"El servicio de IA no pudo generar preguntas. El proveedor puede estar saturado. Vuelve a intentarlo en unos segundos."}
    assert 502 == 200
     +  where 502 = &lt;Response [502]&gt;.status_code</failure></testcase><testcase classname="backend.tests.test_iteration3_batching_penalty.TestAddPdfToTopic" name="test_add_pdf_no_generation" time="0.000"><failure message="KeyError: 'topic_id'">E   KeyError: 'topic_id'</failure></testcase><testcase classname="backend.tests.test_iteration3_batching_penalty.TestAddPdfToTopic" name="test_add_pdf_topic_not_found" time="1.211" /><testcase classname="backend.tests.test_iteration3_batching_penalty.TestAddPdfToTopic" name="test_add_pdf_rejects_non_pdf" time="0.000"><failure message="KeyError: 'topic_id'">E   KeyError: 'topic_id'</failure></testcase><testcase classname="backend.tests.test_iteration3_batching_penalty.TestGenerateFromTopicPdfs" name="test_generate_validation_no_pdf_ids" time="0.000"><failure message="KeyError: 'topic_id'">E   KeyError: 'topic_id'</failure></testcase><testcase classname="backend.tests.test_iteration3_batching_penalty.TestGenerateFromTopicPdfs" name="test_generate_validation_bad_num" time="0.000"><failure message="KeyError: 'topic_id'">E   KeyError: 'topic_id'</failure></testcase><testcase classname="backend.tests.test_iteration3_batching_penalty.TestGenerateFromTopicPdfs" name="test_generate_validation_topic_not_found" time="0.001"><failure message="KeyError: 'pdf_id'">E   KeyError: 'pdf_id'</failure></testcase><testcase classname="backend.tests.test_iteration3_batching_penalty.TestGenerateFromTopicPdfs" name="test_generate_batched_12_mcq" time="0.000"><failure message="KeyError: 'topic_id'">E   KeyError: 'topic_id'</failure></testcase><testcase classname="backend.tests.test_iteration3_batching_penalty.TestPenaltyFactor1" name="test_penalty1_three_correct_one_wrong" time="0.077"><failure message="AssertionError: {&quot;detail&quot;:&quot;No hay preguntas para los filtros seleccionados&quot;}&#10;assert 404 == 200&#10; +  where 404 = &lt;Response [404]&gt;.status_code">E   AssertionError: {"detail":"No hay preguntas para los filtros seleccionados"}
    assert 404 == 200
     +  where 404 = &lt;Response [404]&gt;.status_code</failure></testcase><testcase classname="backend.tests.test_iteration3_batching_penalty.TestPenaltyFactor1" name="test_penalty1_one_correct_two_wrong_clamps_to_zero" time="0.072"><failure message="AssertionError: {&quot;detail&quot;:&quot;No hay preguntas para los filtros seleccionados&quot;}&#10;assert 404 == 200&#10; +  where 404 = &lt;Response [404]&gt;.status_code">E   AssertionError: {"detail":"No hay preguntas para los filtros seleccionados"}
    assert 404 == 200
     +  where 404 = &lt;Response [404]&gt;.status_code</failure></testcase><testcase classname="backend.tests.test_iteration3_batching_penalty.TestRegenerateAfterRefactor" name="test_regenerate_pdf_mcq" time="0.000"><failure message="KeyError: 'pdf_id'">E   KeyError: 'pdf_id'</failure></testcase><testcase classname="backend.tests.test_iteration3_batching_penalty.TestRegenerateAfterRefactor" name="test_regenerate_pdf_tf_batching_path" time="0.000"><failure message="KeyError: 'pdf_id'">E   KeyError: 'pdf_id'</failure></testcase><testcase classname="backend.tests.test_iteration3_batching_penalty.TestZCleanup" name="test_cleanup" time="0.147" /></testsuite></testsuites>