<?xml version="1.0" encoding="utf-8"?><testsuites name="pytest tests"><testsuite name="pytest" errors="0" failures="0" skipped="0" tests="14" time="41.982" timestamp="2026-05-19T16:12:52.027872+00:00" hostname="agent-env-842fbd1e-4328-41ea-bb5e-7a239eef99e2"><testcase classname="backend.tests.test_iteration4_gemini_only.TestADiagEndpoints" name="test_diag_llm_get" time="0.296" /><testcase classname="backend.tests.test_iteration4_gemini_only.TestADiagEndpoints" name="test_diag_llm_test_post" time="0.761" /><testcase classname="backend.tests.test_iteration4_gemini_only.TestBRequirementsPurity" name="test_requirements_txt" time="0.000" /><testcase classname="backend.tests.test_iteration4_gemini_only.TestCRegression" name="test_root" time="0.077" /><testcase classname="backend.tests.test_iteration4_gemini_only.TestCRegression" name="test_subjects_list" time="0.076" /><testcase classname="backend.tests.test_iteration4_gemini_only.TestCRegression" name="test_topics_list" time="0.071" /><testcase classname="backend.tests.test_iteration4_gemini_only.TestCRegression" name="test_stats_overview" time="0.090" /><testcase classname="backend.tests.test_iteration4_gemini_only.TestDUploadPDF" name="test_upload_pdf_to_existing_topic" time="1.263" /><testcase classname="backend.tests.test_iteration4_gemini_only.TestEGenerate5MCQ" name="test_generate_5_mcq" time="12.249" /><testcase classname="backend.tests.test_iteration4_gemini_only.TestFGenerate12MCQBatched" name="test_generate_12_mcq" time="18.849" /><testcase classname="backend.tests.test_iteration4_gemini_only.TestGGenerateTF" name="test_generate_tf_normalized" time="7.952" /><testcase classname="backend.tests.test_iteration4_gemini_only.TestHQuizSubmitPenalty" name="test_quiz_start_and_submit_penalty1" time="0.138" /><testcase classname="backend.tests.test_iteration4_gemini_only.TestILogs" name="test_log_has_gemini_call" time="0.005" /><testcase classname="backend.tests.test_iteration4_gemini_only.TestZCleanup" name="test_cleanup_uploaded_pdf" time="0.073" /></testsuite></testsuites>