<?xml version="1.0" encoding="utf-8"?><testsuites name="pytest tests"><testsuite name="pytest" errors="0" failures="0" skipped="0" tests="20" time="43.970" timestamp="2026-05-12T15:24:44.089047+00:00" hostname="agent-env-842fbd1e-4328-41ea-bb5e-7a239eef99e2"><testcase classname="backend.tests.test_anatomia_backend" name="test_root" time="0.271" /><testcase classname="backend.tests.test_anatomia_backend" name="test_list_topics_structure" time="0.451" /><testcase classname="backend.tests.test_anatomia_backend" name="test_topic_questions" time="0.209" /><testcase classname="backend.tests.test_anatomia_backend" name="test_upload_creates_questions" time="12.618" /><testcase classname="backend.tests.test_anatomia_backend" name="test_upload_invalid_file_type" time="0.269" /><testcase classname="backend.tests.test_anatomia_backend" name="test_generate_more" time="15.529" /><testcase classname="backend.tests.test_anatomia_backend" name="test_quiz_start_practice" time="0.135" /><testcase classname="backend.tests.test_anatomia_backend" name="test_quiz_start_exam_with_time_limit" time="0.151" /><testcase classname="backend.tests.test_anatomia_backend" name="test_quiz_start_errors_empty_returns_404" time="0.142" /><testcase classname="backend.tests.test_anatomia_backend" name="test_quiz_start_favorites_empty_returns_404" time="0.123" /><testcase classname="backend.tests.test_anatomia_backend" name="test_quiz_start_srs_empty_returns_404" time="0.130" /><testcase classname="backend.tests.test_anatomia_backend" name="test_quiz_submit_and_stat_increment" time="0.646" /><testcase classname="backend.tests.test_anatomia_backend" name="test_quiz_errors_mode_after_wrong_answer" time="0.125" /><testcase classname="backend.tests.test_anatomia_backend" name="test_toggle_favorite_and_difficult" time="0.700" /><testcase classname="backend.tests.test_anatomia_backend" name="test_favorite_quiz_after_marking" time="0.754" /><testcase classname="backend.tests.test_anatomia_backend" name="test_delete_question" time="0.432" /><testcase classname="backend.tests.test_anatomia_backend" name="test_delete_topic_cascades" time="10.520" /><testcase classname="backend.tests.test_anatomia_backend" name="test_delete_topic_not_found" time="0.132" /><testcase classname="backend.tests.test_anatomia_backend" name="test_stats_overview" time="0.153" /><testcase classname="backend.tests.test_anatomia_backend" name="test_stats_by_topic" time="0.297" /></testsuite></testsuites>