<?xml version="1.0" encoding="utf-8"?><testsuites name="pytest tests"><testsuite name="pytest" errors="0" failures="0" skipped="0" tests="22" time="27.134" timestamp="2026-05-18T16:30:40.790445+00:00" hostname="agent-env-842fbd1e-4328-41ea-bb5e-7a239eef99e2"><testcase classname="backend.tests.test_studyapp_backend.TestRootAndMigration" name="test_root" time="1.727" /><testcase classname="backend.tests.test_studyapp_backend.TestRootAndMigration" name="test_migration_default_subject" time="0.057" /><testcase classname="backend.tests.test_studyapp_backend.TestSubjectsCRUD" name="test_create_subject" time="0.051" /><testcase classname="backend.tests.test_studyapp_backend.TestSubjectsCRUD" name="test_create_subject_empty_name" time="0.070" /><testcase classname="backend.tests.test_studyapp_backend.TestSubjectsCRUD" name="test_get_subject" time="0.057" /><testcase classname="backend.tests.test_studyapp_backend.TestSubjectsCRUD" name="test_patch_subject" time="0.107" /><testcase classname="backend.tests.test_studyapp_backend.TestSubjectsCRUD" name="test_patch_subject_not_found" time="0.050" /><testcase classname="backend.tests.test_studyapp_backend.TestSubjectsCRUD" name="test_list_topics_for_subject_empty" time="0.051" /><testcase classname="backend.tests.test_studyapp_backend.TestTopicUploadAndPdf" name="test_upload_topic_mcq" time="11.439" /><testcase classname="backend.tests.test_studyapp_backend.TestTopicUploadAndPdf" name="test_upload_topic_tf" time="6.571" /><testcase classname="backend.tests.test_studyapp_backend.TestTopicUploadAndPdf" name="test_list_pdfs_no_text_exposed" time="0.049" /><testcase classname="backend.tests.test_studyapp_backend.TestTopicUploadAndPdf" name="test_regenerate_from_pdf_tf" time="5.648" /><testcase classname="backend.tests.test_studyapp_backend.TestTopicUploadAndPdf" name="test_delete_pdf_keeps_questions" time="0.263" /><testcase classname="backend.tests.test_studyapp_backend.TestQuiz" name="test_quiz_start_filtered_by_subject_and_type" time="0.051" /><testcase classname="backend.tests.test_studyapp_backend.TestQuiz" name="test_quiz_start_tf" time="0.059" /><testcase classname="backend.tests.test_studyapp_backend.TestQuiz" name="test_quiz_start_no_questions" time="0.049" /><testcase classname="backend.tests.test_studyapp_backend.TestQuiz" name="test_quiz_submit_with_penalty" time="0.061" /><testcase classname="backend.tests.test_studyapp_backend.TestQuiz" name="test_quiz_submit_no_penalty_clamp" time="0.057" /><testcase classname="backend.tests.test_studyapp_backend.TestStats" name="test_stats_overview" time="0.063" /><testcase classname="backend.tests.test_studyapp_backend.TestStats" name="test_stats_by_subject" time="0.066" /><testcase classname="backend.tests.test_studyapp_backend.TestZCleanup" name="test_delete_test_subject_cascade" time="0.217" /><testcase classname="backend.tests.test_studyapp_backend.TestZCleanup" name="test_delete_subject_not_found" time="0.051" /></testsuite></testsuites>